<?xml version="1.0" encoding="UTF-8" ?>
<testsuites disabled="52" errors="0" failures="0" tests="62" time="146.558">
 <testsuite name="Comment section" timestamp="2020-01-14T12:40:02" hostname="localhost" time="146.547" errors="0" tests="10" skipped="0" disabled="0" failures="0">
  <testcase classname="Comment section" name="Verify student can go to their own profile" time="6.34" />
  <testcase classname="Comment section" name="Verify student can edit their profile" time="13.759" />
  <testcase classname="Comment section" name="Verify student can see post details from pop up" time="14.619" />
  <testcase classname="Comment section" name="Verify student can see list of all friends" time="18.32" />
  <testcase classname="Comment section" name="Verify student can go to tutorial section from profile" time="12.548" />
  <testcase classname="Comment section" name="Verify student can see leaderboards" time="17.409" />
  <testcase classname="Comment section" name="Verify studnts can see friends profile" time="19.062" />
  <testcase classname="Comment section" name="Verify user can comment from the pop up" time="14.085" />
  <testcase classname="Comment section" name="Verify user can react post from pop up" time="15.299" />
  <testcase classname="Comment section" name="Verify user can react comment from pop up" time="15.105" />
 </testsuite>
 <testsuite name="Comment section" timestamp="2020-01-14T12:42:28" hostname="localhost" time="0.002" errors="0" tests="9" skipped="0" disabled="9" failures="0">
  <testcase classname="Comment section" name="Verify user can post a text on messageboard" time="0">
   <skipped />
  </testcase>
  <testcase classname="Comment section" name="Verify user can comment on post" time="0">
   <skipped />
  </testcase>
  <testcase classname="Comment section" name="Verify user can edit post" time="0">
   <skipped />
  </testcase>
  <testcase classname="Comment section" name="Verify user can cancel the edited post" time="0">
   <skipped />
  </testcase>
  <testcase classname="Comment section" name="Verify user can delete comment" time="0">
   <skipped />
  </testcase>
  <testcase classname="Comment section" name="Verify user can post a text on messageboard" time="0">
   <skipped />
  </testcase>
  <testcase classname="Comment section" name="Verify user can delete the own post" time="0.001">
   <skipped />
  </testcase>
  <testcase classname="Comment section" name="Verify user can react on post" time="0">
   <skipped />
  </testcase>
  <testcase classname="Comment section" name="Verify user can react on comment" time="0.001">
   <skipped />
  </testcase>
 </testsuite>
 <testsuite name="Post Section" timestamp="2020-01-14T12:42:28" hostname="localhost" time="0" errors="0" tests="6" skipped="0" disabled="6" failures="0">
  <testcase classname="Post Section" name="Verify user can post a text on messageboard" time="0">
   <skipped />
  </testcase>
  <testcase classname="Post Section" name="Verify user can post Banner" time="0">
   <skipped />
  </testcase>
  <testcase classname="Post Section" name="Verify user can post feeling" time="0">
   <skipped />
  </testcase>
  <testcase classname="Post Section" name="Verify user can post a tag" time="0">
   <skipped />
  </testcase>
  <testcase classname="Post Section" name="Verify user can post a gif" time="0">
   <skipped />
  </testcase>
  <testcase classname="Post Section" name="Verify user can post a picture" time="0">
   <skipped />
  </testcase>
 </testsuite>
 <testsuite name="Moderation for post" timestamp="2020-01-14T12:42:28" hostname="localhost" time="0.002" errors="0" tests="5" skipped="0" disabled="5" failures="0">
  <testcase classname="Moderation for post" name="Verify first moderated text can be caught" time="0">
   <skipped />
  </testcase>
  <testcase classname="Moderation for post" name="Verify second moderated text can be caught" time="0.002">
   <skipped />
  </testcase>
  <testcase classname="Moderation for post" name="Verify third moderation force user to watch video" time="0">
   <skipped />
  </testcase>
  <testcase classname="Moderation for post" name="Verify moderated text can be updated" time="0">
   <skipped />
  </testcase>
  <testcase classname="Moderation for post" name="Verify moderation on comment can be caught" time="0">
   <skipped />
  </testcase>
 </testsuite>
 <testsuite name="Need help Section" timestamp="2020-01-14T12:42:28" hostname="localhost" time="0.001" errors="0" tests="5" skipped="0" disabled="5" failures="0">
  <testcase classname="Need help Section" name="Verify student can request help for himself right now" time="0">
   <skipped />
  </testcase>
  <testcase classname="Need help Section" name="Verify student can request help for himself using soon" time="0">
   <skipped />
  </testcase>
  <testcase classname="Need help Section" name="Verify student can request help for someone else" time="0">
   <skipped />
  </testcase>
  <testcase classname="Need help Section" name="Verify student can request help outside of school" time="0">
   <skipped />
  </testcase>
  <testcase classname="Need help Section" name="Verify student can request help outside of school using kids helpline" time="0">
   <skipped />
  </testcase>
 </testsuite>
 <testsuite name="Student Login Page" timestamp="2020-01-14T12:42:28" hostname="localhost" time="0.001" errors="0" tests="3" skipped="0" disabled="3" failures="0">
  <testcase classname="Student Login Page" name="should send error text when user does not exist" time="0">
   <skipped />
  </testcase>
  <testcase classname="Student Login Page" name="should show error text when password is invalid" time="0">
   <skipped />
  </testcase>
  <testcase classname="Student Login Page" name="should log the user in when the user exists" time="0">
   <skipped />
  </testcase>
 </testsuite>
 <testsuite name="Report section" timestamp="2020-01-14T12:42:28" hostname="localhost" time="0" errors="0" tests="2" skipped="0" disabled="2" failures="0">
  <testcase classname="Report section" name="Verify student can post on message board" time="0">
   <skipped />
  </testcase>
  <testcase classname="Report section" name="Verify student can report on post" time="0">
   <skipped />
  </testcase>
 </testsuite>
 <testsuite name="Teacher Login Page" timestamp="2020-01-14T12:42:28" hostname="localhost" time="0.001" errors="0" tests="4" skipped="0" disabled="4" failures="0">
  <testcase classname="Teacher Login Page" name="should send error text when user does not exist" time="0">
   <skipped />
  </testcase>
  <testcase classname="Teacher Login Page" name="should show error text when email type is invalid" time="0">
   <skipped />
  </testcase>
  <testcase classname="Teacher Login Page" name="should show error text when password is invalid" time="0.001">
   <skipped />
  </testcase>
  <testcase classname="Teacher Login Page" name="should log the user in when credential is valid" time="0">
   <skipped />
  </testcase>
 </testsuite>
 <testsuite name="Need help Section for teacher" timestamp="2020-01-14T12:42:28" hostname="localhost" time="0" errors="0" tests="3" skipped="0" disabled="3" failures="0">
  <testcase classname="Need help Section for teacher" name="Verify student can request help for himself right now" time="0">
   <skipped />
  </testcase>
  <testcase classname="Need help Section for teacher" name="Verify student can request help for himself right now" time="0">
   <skipped />
  </testcase>
  <testcase classname="Need help Section for teacher" name="Verify student can request help for himself right now" time="0">
   <skipped />
  </testcase>
 </testsuite>
 <testsuite name="Teacher help response" timestamp="2020-01-14T12:42:28" hostname="localhost" time="0.001" errors="0" tests="5" skipped="0" disabled="5" failures="0">
  <testcase classname="Teacher help response" name="Teacher should be able to cancel new help request pop up through grey tick" time="0">
   <skipped />
  </testcase>
  <testcase classname="Teacher help response" name="Teacher should be able to accept the new help request from students" time="0">
   <skipped />
  </testcase>
  <testcase classname="Teacher help response" name="Teacher should be reply to students" time="0">
   <skipped />
  </testcase>
  <testcase classname="Teacher help response" name="Teacher should be able to close/complete help request" time="0.001">
   <skipped />
  </testcase>
  <testcase classname="Teacher help response" name="Teacher should be able to accept new help request through grey tick" time="0">
   <skipped />
  </testcase>
 </testsuite>
 <testsuite name="Tutorial section" timestamp="2020-01-14T12:42:28" hostname="localhost" time="0.003" errors="0" tests="10" skipped="0" disabled="10" failures="0">
  <testcase classname="Tutorial section" name="Verify student can view tutorial category" time="0">
   <skipped />
  </testcase>
  <testcase classname="Tutorial section" name="Verify student can search tutorial based on title" time="0">
   <skipped />
  </testcase>
  <testcase classname="Tutorial section" name="Verify student can view all video when search field is cleared" time="0">
   <skipped />
  </testcase>
  <testcase classname="Tutorial section" name="Verify student can watch tutorial video based on category" time="0">
   <skipped />
  </testcase>
  <testcase classname="Tutorial section" name="Verify student can view specific category" time="0">
   <skipped />
  </testcase>
  <testcase classname="Tutorial section" name="Verify student can view all category" time="0">
   <skipped />
  </testcase>
  <testcase classname="Tutorial section" name="Verify student cannot go back to message board while video is playing" time="0">
   <skipped />
  </testcase>
  <testcase classname="Tutorial section" name="Verify student can go back to video list after answered question correctly" time="0.001">
   <skipped />
  </testcase>
  <testcase classname="Tutorial section" name="Verify student gain extra 10 digit point if answered questions correctly" time="0">
   <skipped />
  </testcase>
  <testcase classname="Tutorial section" name="Verify student are provided with two option if answers are incorrect" time="0">
   <skipped />
  </testcase>
 </testsuite>
</testsuites>